Hello OS2097152 of RAM requested.
2097152 of RAM successfully allocated.
Written to RAM at frame 0 ,at byte 0: 0
Written to RAM at frame 1 ,at byte 4096: 1
Written to RAM at frame 2 ,at byte 8192: 2
Written to RAM at frame 3 ,at byte 12288: 3
Written to RAM at frame 4 ,at byte 16384: 4
Written to RAM at frame 5 ,at byte 20480: 5
Written to RAM at frame 6 ,at byte 24576: 6
Written to RAM at frame 7 ,at byte 28672: 7
Written to RAM at frame 8 ,at byte 32768: 8
Written to RAM at frame 9 ,at byte 36864: 9
Written to RAM at frame 10 ,at byte 40960: 10
Written to RAM at frame 11 ,at byte 45056: 11
Written to RAM at frame 12 ,at byte 49152: 12
Written to RAM at frame 13 ,at byte 53248: 13
Written to RAM at frame 14 ,at byte 57344: 14
Written to RAM at frame 15 ,at byte 61440: 15
Written to RAM at frame 16 ,at byte 65536: 16
Written to RAM at frame 17 ,at byte 69632: 17
Written to RAM at frame 18 ,at byte 73728: 18
Written to RAM at frame 19 ,at byte 77824: 19
Written to RAM at frame 20 ,at byte 81920: 20
Written to RAM at frame 21 ,at byte 86016: 21
Written to RAM at frame 22 ,at byte 90112: 22
Written to RAM at frame 23 ,at byte 94208: 23
Written to RAM at frame 24 ,at byte 98304: 24
Written to RAM at frame 25 ,at byte 102400: 25
Written to RAM at frame 26 ,at byte 106496: 26
Written to RAM at frame 27 ,at byte 110592: 27
Written to RAM at frame 28 ,at byte 114688: 28
Written to RAM at frame 29 ,at byte 118784: 29
Written to RAM at frame 30 ,at byte 122880: 30
Written to RAM at frame 31 ,at byte 126976: 31
Written to RAM at frame 32 ,at byte 131072: 32
Written to RAM at frame 33 ,at byte 135168: 33
Written to RAM at frame 34 ,at byte 139264: 34
Written to RAM at frame 35 ,at byte 143360: 35
Written to RAM at frame 36 ,at byte 147456: 36
Written to RAM at frame 37 ,at byte 151552: 37
Written to RAM at frame 38 ,at byte 155648: 38
Written to RAM at frame 39 ,at byte 159744: 39
Written to RAM at frame 40 ,at byte 163840: 40
Written to RAM at frame 41 ,at byte 167936: 41
Written to RAM at frame 42 ,at byte 172032: 42
Written to RAM at frame 43 ,at byte 176128: 43
Written to RAM at frame 44 ,at byte 180224: 44
Written to RAM at frame 45 ,at byte 184320: 45
Written to RAM at frame 46 ,at byte 188416: 46
Written to RAM at frame 47 ,at byte 192512: 47
Written to RAM at frame 48 ,at byte 196608: 48
Written to RAM at frame 49 ,at byte 200704: 49
Written to RAM at frame 50 ,at byte 204800: 50
Written to RAM at frame 51 ,at byte 208896: 51
Written to RAM at frame 52 ,at byte 212992: 52
Written to RAM at frame 53 ,at byte 217088: 53
Written to RAM at frame 54 ,at byte 221184: 54
Written to RAM at frame 55 ,at byte 225280: 55
Written to RAM at frame 56 ,at byte 229376: 56
Written to RAM at frame 57 ,at byte 233472: 57
Written to RAM at frame 58 ,at byte 237568: 58
Written to RAM at frame 59 ,at byte 241664: 59
Written to RAM at frame 60 ,at byte 245760: 60
Written to RAM at frame 61 ,at byte 249856: 61
Written to RAM at frame 62 ,at byte 253952: 62
Written to RAM at frame 63 ,at byte 258048: 63
Written to RAM at frame 64 ,at byte 262144: 64
Written to RAM at frame 65 ,at byte 266240: 65
Written to RAM at frame 66 ,at byte 270336: 66
Written to RAM at frame 67 ,at byte 274432: 67
Written to RAM at frame 68 ,at byte 278528: 68
Written to RAM at frame 69 ,at byte 282624: 69
Written to RAM at frame 70 ,at byte 286720: 70
Written to RAM at frame 71 ,at byte 290816: 71
Written to RAM at frame 72 ,at byte 294912: 72
Written to RAM at frame 73 ,at byte 299008: 73
Written to RAM at frame 74 ,at byte 303104: 74
Written to RAM at frame 75 ,at byte 307200: 75
Written to RAM at frame 76 ,at byte 311296: 76
Written to RAM at frame 77 ,at byte 315392: 77
Written to RAM at frame 78 ,at byte 319488: 78
Written to RAM at frame 79 ,at byte 323584: 79
Written to RAM at frame 80 ,at byte 327680: 80
Written to RAM at frame 81 ,at byte 331776: 81
Written to RAM at frame 82 ,at byte 335872: 82
Written to RAM at frame 83 ,at byte 339968: 83
Written to RAM at frame 84 ,at byte 344064: 84
Written to RAM at frame 85 ,at byte 348160: 85
Written to RAM at frame 86 ,at byte 352256: 86
Written to RAM at frame 87 ,at byte 356352: 87
Written to RAM at frame 88 ,at byte 360448: 88
Written to RAM at frame 89 ,at byte 364544: 89
Written to RAM at frame 90 ,at byte 368640: 90
Written to RAM at frame 91 ,at byte 372736: 91
Written to RAM at frame 92 ,at byte 376832: 92
Written to RAM at frame 93 ,at byte 380928: 93
Written to RAM at frame 94 ,at byte 385024: 94
Written to RAM at frame 95 ,at byte 389120: 95
Written to RAM at frame 96 ,at byte 393216: 96
Written to RAM at frame 97 ,at byte 397312: 97
Written to RAM at frame 98 ,at byte 401408: 98
Written to RAM at frame 99 ,at byte 405504: 99
Written to RAM at frame 100 ,at byte 409600: 100
Written to RAM at frame 101 ,at byte 413696: 101
Written to RAM at frame 102 ,at byte 417792: 102
Written to RAM at frame 103 ,at byte 421888: 103
Written to RAM at frame 104 ,at byte 425984: 104
Written to RAM at frame 105 ,at byte 430080: 105
Written to RAM at frame 106 ,at byte 434176: 106
Written to RAM at frame 107 ,at byte 438272: 107
Written to RAM at frame 108 ,at byte 442368: 108
Written to RAM at frame 109 ,at byte 446464: 109
Written to RAM at frame 110 ,at byte 450560: 110
Written to RAM at frame 111 ,at byte 454656: 111
Written to RAM at frame 112 ,at byte 458752: 112
Written to RAM at frame 113 ,at byte 462848: 113
Written to RAM at frame 114 ,at byte 466944: 114
Written to RAM at frame 115 ,at byte 471040: 115
Written to RAM at frame 116 ,at byte 475136: 116
Written to RAM at frame 117 ,at byte 479232: 117
Written to RAM at frame 118 ,at byte 483328: 118
Written to RAM at frame 119 ,at byte 487424: 119
Written to RAM at frame 120 ,at byte 491520: 120
Written to RAM at frame 121 ,at byte 495616: 121
Written to RAM at frame 122 ,at byte 499712: 122
Written to RAM at frame 123 ,at byte 503808: 123
Written to RAM at frame 124 ,at byte 507904: 124
Written to RAM at frame 125 ,at byte 512000: 125
Written to RAM at frame 126 ,at byte 516096: 126
Written to RAM at frame 127 ,at byte 520192: 127
Written to RAM at frame 128 ,at byte 524288: 128
Written to RAM at frame 129 ,at byte 528384: 129
Written to RAM at frame 130 ,at byte 532480: 130
Written to RAM at frame 131 ,at byte 536576: 131
Written to RAM at frame 132 ,at byte 540672: 132
Written to RAM at frame 133 ,at byte 544768: 133
Written to RAM at frame 134 ,at byte 548864: 134
Written to RAM at frame 135 ,at byte 552960: 135
Written to RAM at frame 136 ,at byte 557056: 136
Written to RAM at frame 137 ,at byte 561152: 137
Written to RAM at frame 138 ,at byte 565248: 138
Written to RAM at frame 139 ,at byte 569344: 139
Written to RAM at frame 140 ,at byte 573440: 140
Written to RAM at frame 141 ,at byte 577536: 141
Written to RAM at frame 142 ,at byte 581632: 142
Written to RAM at frame 143 ,at byte 585728: 143
Written to RAM at frame 144 ,at byte 589824: 144
Written to RAM at frame 145 ,at byte 593920: 145
Written to RAM at frame 146 ,at byte 598016: 146
Written to RAM at frame 147 ,at byte 602112: 147
Written to RAM at frame 148 ,at byte 606208: 148
Written to RAM at frame 149 ,at byte 610304: 149
Written to RAM at frame 150 ,at byte 614400: 150
Written to RAM at frame 151 ,at byte 618496: 151
Written to RAM at frame 152 ,at byte 622592: 152
Written to RAM at frame 153 ,at byte 626688: 153
Written to RAM at frame 154 ,at byte 630784: 154
Written to RAM at frame 155 ,at byte 634880: 155
Written to RAM at frame 156 ,at byte 638976: 156
Written to RAM at frame 157 ,at byte 643072: 157
Written to RAM at frame 158 ,at byte 647168: 158
Written to RAM at frame 159 ,at byte 651264: 159
Written to RAM at frame 160 ,at byte 655360: 160
Written to RAM at frame 161 ,at byte 659456: 161
Written to RAM at frame 162 ,at byte 663552: 162
Written to RAM at frame 163 ,at byte 667648: 163
Written to RAM at frame 164 ,at byte 671744: 164
Written to RAM at frame 165 ,at byte 675840: 165
Written to RAM at frame 166 ,at byte 679936: 166
Written to RAM at frame 167 ,at byte 684032: 167
Written to RAM at frame 168 ,at byte 688128: 168
Written to RAM at frame 169 ,at byte 692224: 169
Written to RAM at frame 170 ,at byte 696320: 170
Written to RAM at frame 171 ,at byte 700416: 171
Written to RAM at frame 172 ,at byte 704512: 172
Written to RAM at frame 173 ,at byte 708608: 173
Written to RAM at frame 174 ,at byte 712704: 174
Written to RAM at frame 175 ,at byte 716800: 175
Written to RAM at frame 176 ,at byte 720896: 176
Written to RAM at frame 177 ,at byte 724992: 177
Written to RAM at frame 178 ,at byte 729088: 178
Written to RAM at frame 179 ,at byte 733184: 179
Written to RAM at frame 180 ,at byte 737280: 180
Written to RAM at frame 181 ,at byte 741376: 181
Written to RAM at frame 182 ,at byte 745472: 182
Written to RAM at frame 183 ,at byte 749568: 183
Written to RAM at frame 184 ,at byte 753664: 184
Written to RAM at frame 185 ,at byte 757760: 185
Written to RAM at frame 186 ,at byte 761856: 186
Written to RAM at frame 187 ,at byte 765952: 187
Written to RAM at frame 188 ,at byte 770048: 188
Written to RAM at frame 189 ,at byte 774144: 189
Written to RAM at frame 190 ,at byte 778240: 190
Written to RAM at frame 191 ,at byte 782336: 191
Written to RAM at frame 192 ,at byte 786432: 192
Written to RAM at frame 193 ,at byte 790528: 193
Written to RAM at frame 194 ,at byte 794624: 194
Written to RAM at frame 195 ,at byte 798720: 195
Written to RAM at frame 196 ,at byte 802816: 196
Written to RAM at frame 197 ,at byte 806912: 197
Written to RAM at frame 198 ,at byte 811008: 198
Written to RAM at frame 199 ,at byte 815104: 199
Written to RAM at frame 200 ,at byte 819200: 200
Written to RAM at frame 201 ,at byte 823296: 201
Written to RAM at frame 202 ,at byte 827392: 202
Written to RAM at frame 203 ,at byte 831488: 203
Written to RAM at frame 204 ,at byte 835584: 204
Written to RAM at frame 205 ,at byte 839680: 205
Written to RAM at frame 206 ,at byte 843776: 206
Written to RAM at frame 207 ,at byte 847872: 207
Written to RAM at frame 208 ,at byte 851968: 208
Written to RAM at frame 209 ,at byte 856064: 209
Written to RAM at frame 210 ,at byte 860160: 210
Written to RAM at frame 211 ,at byte 864256: 211
Written to RAM at frame 212 ,at byte 868352: 212
Written to RAM at frame 213 ,at byte 872448: 213
Written to RAM at frame 214 ,at byte 876544: 214
Written to RAM at frame 215 ,at byte 880640: 215
Written to RAM at frame 216 ,at byte 884736: 216
Written to RAM at frame 217 ,at byte 888832: 217
Written to RAM at frame 218 ,at byte 892928: 218
Written to RAM at frame 219 ,at byte 897024: 219
Written to RAM at frame 220 ,at byte 901120: 220
Written to RAM at frame 221 ,at byte 905216: 221
Written to RAM at frame 222 ,at byte 909312: 222
Written to RAM at frame 223 ,at byte 913408: 223
Written to RAM at frame 224 ,at byte 917504: 224
Written to RAM at frame 225 ,at byte 921600: 225
Written to RAM at frame 226 ,at byte 925696: 226
Written to RAM at frame 227 ,at byte 929792: 227
Written to RAM at frame 228 ,at byte 933888: 228
Written to RAM at frame 229 ,at byte 937984: 229
Written to RAM at frame 230 ,at byte 942080: 230
Written to RAM at frame 231 ,at byte 946176: 231
Written to RAM at frame 232 ,at byte 950272: 232
Written to RAM at frame 233 ,at byte 954368: 233
Written to RAM at frame 234 ,at byte 958464: 234
Written to RAM at frame 235 ,at byte 962560: 235
Written to RAM at frame 236 ,at byte 966656: 236
Written to RAM at frame 237 ,at byte 970752: 237
Written to RAM at frame 238 ,at byte 974848: 238
Written to RAM at frame 239 ,at byte 978944: 239
Written to RAM at frame 240 ,at byte 983040: 240
Written to RAM at frame 241 ,at byte 987136: 241
Written to RAM at frame 242 ,at byte 991232: 242
Written to RAM at frame 243 ,at byte 995328: 243
Written to RAM at frame 244 ,at byte 999424: 244
Written to RAM at frame 245 ,at byte 1003520: 245
Written to RAM at frame 246 ,at byte 1007616: 246
Written to RAM at frame 247 ,at byte 1011712: 247
Written to RAM at frame 248 ,at byte 1015808: 248
Written to RAM at frame 249 ,at byte 1019904: 249
Written to RAM at frame 250 ,at byte 1024000: 250
Written to RAM at frame 251 ,at byte 1028096: 251
Written to RAM at frame 252 ,at byte 1032192: 252
Written to RAM at frame 253 ,at byte 1036288: 253
Written to RAM at frame 254 ,at byte 1040384: 254
Written to RAM at frame 255 ,at byte 1044480: 255
Written to RAM at frame 256 ,at byte 1048576: 0
Written to RAM at frame 257 ,at byte 1052672: 1
Written to RAM at frame 258 ,at byte 1056768: 2
Written to RAM at frame 259 ,at byte 1060864: 3
Written to RAM at frame 260 ,at byte 1064960: 4
Written to RAM at frame 261 ,at byte 1069056: 5
Written to RAM at frame 262 ,at byte 1073152: 6
Written to RAM at frame 263 ,at byte 1077248: 7
Written to RAM at frame 264 ,at byte 1081344: 8
Written to RAM at frame 265 ,at byte 1085440: 9
Written to RAM at frame 266 ,at byte 1089536: 10
Written to RAM at frame 267 ,at byte 1093632: 11
Written to RAM at frame 268 ,at byte 1097728: 12
Written to RAM at frame 269 ,at byte 1101824: 13
Written to RAM at frame 270 ,at byte 1105920: 14
Written to RAM at frame 271 ,at byte 1110016: 15
Written to RAM at frame 272 ,at byte 1114112: 16
Written to RAM at frame 273 ,at byte 1118208: 17
Written to RAM at frame 274 ,at byte 1122304: 18
Written to RAM at frame 275 ,at byte 1126400: 19
Written to RAM at frame 276 ,at byte 1130496: 20
Written to RAM at frame 277 ,at byte 1134592: 21
Written to RAM at frame 278 ,at byte 1138688: 22
Written to RAM at frame 279 ,at byte 1142784: 23
Written to RAM at frame 280 ,at byte 1146880: 24
Written to RAM at frame 281 ,at byte 1150976: 25
Written to RAM at frame 282 ,at byte 1155072: 26
Written to RAM at frame 283 ,at byte 1159168: 27
Written to RAM at frame 284 ,at byte 1163264: 28
Written to RAM at frame 285 ,at byte 1167360: 29
Written to RAM at frame 286 ,at byte 1171456: 30
Written to RAM at frame 287 ,at byte 1175552: 31
Written to RAM at frame 288 ,at byte 1179648: 32
Written to RAM at frame 289 ,at byte 1183744: 33
Written to RAM at frame 290 ,at byte 1187840: 34
Written to RAM at frame 291 ,at byte 1191936: 35
Written to RAM at frame 292 ,at byte 1196032: 36
Written to RAM at frame 293 ,at byte 1200128: 37
Written to RAM at frame 294 ,at byte 1204224: 38
Written to RAM at frame 295 ,at byte 1208320: 39
Written to RAM at frame 296 ,at byte 1212416: 40
Written to RAM at frame 297 ,at byte 1216512: 41
Written to RAM at frame 298 ,at byte 1220608: 42
Written to RAM at frame 299 ,at byte 1224704: 43
Written to RAM at frame 300 ,at byte 1228800: 44
Written to RAM at frame 301 ,at byte 1232896: 45
Written to RAM at frame 302 ,at byte 1236992: 46
Written to RAM at frame 303 ,at byte 1241088: 47
Written to RAM at frame 304 ,at byte 1245184: 48
Written to RAM at frame 305 ,at byte 1249280: 49
Written to RAM at frame 306 ,at byte 1253376: 50
Written to RAM at frame 307 ,at byte 1257472: 51
Written to RAM at frame 308 ,at byte 1261568: 52
Written to RAM at frame 309 ,at byte 1265664: 53
Written to RAM at frame 310 ,at byte 1269760: 54
Written to RAM at frame 311 ,at byte 1273856: 55
Written to RAM at frame 312 ,at byte 1277952: 56
Written to RAM at frame 313 ,at byte 1282048: 57
Written to RAM at frame 314 ,at byte 1286144: 58
Written to RAM at frame 315 ,at byte 1290240: 59
Written to RAM at frame 316 ,at byte 1294336: 60
Written to RAM at frame 317 ,at byte 1298432: 61
Written to RAM at frame 318 ,at byte 1302528: 62
Written to RAM at frame 319 ,at byte 1306624: 63
Written to RAM at frame 320 ,at byte 1310720: 64
Written to RAM at frame 321 ,at byte 1314816: 65
Written to RAM at frame 322 ,at byte 1318912: 66
Written to RAM at frame 323 ,at byte 1323008: 67
Written to RAM at frame 324 ,at byte 1327104: 68
Written to RAM at frame 325 ,at byte 1331200: 69
Written to RAM at frame 326 ,at byte 1335296: 70
Written to RAM at frame 327 ,at byte 1339392: 71
Written to RAM at frame 328 ,at byte 1343488: 72
Written to RAM at frame 329 ,at byte 1347584: 73
Written to RAM at frame 330 ,at byte 1351680: 74
Written to RAM at frame 331 ,at byte 1355776: 75
Written to RAM at frame 332 ,at byte 1359872: 76
Written to RAM at frame 333 ,at byte 1363968: 77
Written to RAM at frame 334 ,at byte 1368064: 78
Written to RAM at frame 335 ,at byte 1372160: 79
Written to RAM at frame 336 ,at byte 1376256: 80
Written to RAM at frame 337 ,at byte 1380352: 81
Written to RAM at frame 338 ,at byte 1384448: 82
Written to RAM at frame 339 ,at byte 1388544: 83
Written to RAM at frame 340 ,at byte 1392640: 84
Written to RAM at frame 341 ,at byte 1396736: 85
Written to RAM at frame 342 ,at byte 1400832: 86
Written to RAM at frame 343 ,at byte 1404928: 87
Written to RAM at frame 344 ,at byte 1409024: 88
Written to RAM at frame 345 ,at byte 1413120: 89
Written to RAM at frame 346 ,at byte 1417216: 90
Written to RAM at frame 347 ,at byte 1421312: 91
Written to RAM at frame 348 ,at byte 1425408: 92
Written to RAM at frame 349 ,at byte 1429504: 93
Written to RAM at frame 350 ,at byte 1433600: 94
Written to RAM at frame 351 ,at byte 1437696: 95
Written to RAM at frame 352 ,at byte 1441792: 96
Written to RAM at frame 353 ,at byte 1445888: 97
Written to RAM at frame 354 ,at byte 1449984: 98
Written to RAM at frame 355 ,at byte 1454080: 99
Written to RAM at frame 356 ,at byte 1458176: 100
Written to RAM at frame 357 ,at byte 1462272: 101
Written to RAM at frame 358 ,at byte 1466368: 102
Written to RAM at frame 359 ,at byte 1470464: 103
Written to RAM at frame 360 ,at byte 1474560: 104
Written to RAM at frame 361 ,at byte 1478656: 105
Written to RAM at frame 362 ,at byte 1482752: 106
Written to RAM at frame 363 ,at byte 1486848: 107
Written to RAM at frame 364 ,at byte 1490944: 108
Written to RAM at frame 365 ,at byte 1495040: 109
Written to RAM at frame 366 ,at byte 1499136: 110
Written to RAM at frame 367 ,at byte 1503232: 111
Written to RAM at frame 368 ,at byte 1507328: 112
Written to RAM at frame 369 ,at byte 1511424: 113
Written to RAM at frame 370 ,at byte 1515520: 114
Written to RAM at frame 371 ,at byte 1519616: 115
Written to RAM at frame 372 ,at byte 1523712: 116
Written to RAM at frame 373 ,at byte 1527808: 117
Written to RAM at frame 374 ,at byte 1531904: 118
Written to RAM at frame 375 ,at byte 1536000: 119
Written to RAM at frame 376 ,at byte 1540096: 120
Written to RAM at frame 377 ,at byte 1544192: 121
Written to RAM at frame 378 ,at byte 1548288: 122
Written to RAM at frame 379 ,at byte 1552384: 123
Written to RAM at frame 380 ,at byte 1556480: 124
Written to RAM at frame 381 ,at byte 1560576: 125
Written to RAM at frame 382 ,at byte 1564672: 126
Written to RAM at frame 383 ,at byte 1568768: 127
Written to RAM at frame 384 ,at byte 1572864: 128
Written to RAM at frame 385 ,at byte 1576960: 129
Written to RAM at frame 386 ,at byte 1581056: 130
Written to RAM at frame 387 ,at byte 1585152: 131
Written to RAM at frame 388 ,at byte 1589248: 132
Written to RAM at frame 389 ,at byte 1593344: 133
Written to RAM at frame 390 ,at byte 1597440: 134
Written to RAM at frame 391 ,at byte 1601536: 135
Written to RAM at frame 392 ,at byte 1605632: 136
Written to RAM at frame 393 ,at byte 1609728: 137
Written to RAM at frame 394 ,at byte 1613824: 138
Written to RAM at frame 395 ,at byte 1617920: 139
Written to RAM at frame 396 ,at byte 1622016: 140
Written to RAM at frame 397 ,at byte 1626112: 141
Written to RAM at frame 398 ,at byte 1630208: 142
Written to RAM at frame 399 ,at byte 1634304: 143
Written to RAM at frame 400 ,at byte 1638400: 144
Written to RAM at frame 401 ,at byte 1642496: 145
Written to RAM at frame 402 ,at byte 1646592: 146
Written to RAM at frame 403 ,at byte 1650688: 147
Written to RAM at frame 404 ,at byte 1654784: 148
Written to RAM at frame 405 ,at byte 1658880: 149
Written to RAM at frame 406 ,at byte 1662976: 150
Written to RAM at frame 407 ,at byte 1667072: 151
Written to RAM at frame 408 ,at byte 1671168: 152
Written to RAM at frame 409 ,at byte 1675264: 153
Written to RAM at frame 410 ,at byte 1679360: 154
Written to RAM at frame 411 ,at byte 1683456: 155
Written to RAM at frame 412 ,at byte 1687552: 156
Written to RAM at frame 413 ,at byte 1691648: 157
Written to RAM at frame 414 ,at byte 1695744: 158
Written to RAM at frame 415 ,at byte 1699840: 159
Written to RAM at frame 416 ,at byte 1703936: 160
Written to RAM at frame 417 ,at byte 1708032: 161
Written to RAM at frame 418 ,at byte 1712128: 162
Written to RAM at frame 419 ,at byte 1716224: 163
Written to RAM at frame 420 ,at byte 1720320: 164
Written to RAM at frame 421 ,at byte 1724416: 165
Written to RAM at frame 422 ,at byte 1728512: 166
Written to RAM at frame 423 ,at byte 1732608: 167
Written to RAM at frame 424 ,at byte 1736704: 168
Written to RAM at frame 425 ,at byte 1740800: 169
Written to RAM at frame 426 ,at byte 1744896: 170
Written to RAM at frame 427 ,at byte 1748992: 171
Written to RAM at frame 428 ,at byte 1753088: 172
Written to RAM at frame 429 ,at byte 1757184: 173
Written to RAM at frame 430 ,at byte 1761280: 174
Written to RAM at frame 431 ,at byte 1765376: 175
Written to RAM at frame 432 ,at byte 1769472: 176
Written to RAM at frame 433 ,at byte 1773568: 177
Written to RAM at frame 434 ,at byte 1777664: 178
Written to RAM at frame 435 ,at byte 1781760: 179
Written to RAM at frame 436 ,at byte 1785856: 180
Written to RAM at frame 437 ,at byte 1789952: 181
Written to RAM at frame 438 ,at byte 1794048: 182
Written to RAM at frame 439 ,at byte 1798144: 183
Written to RAM at frame 440 ,at byte 1802240: 184
Written to RAM at frame 441 ,at byte 1806336: 185
Written to RAM at frame 442 ,at byte 1810432: 186
Written to RAM at frame 443 ,at byte 1814528: 187
Written to RAM at frame 444 ,at byte 1818624: 188
Written to RAM at frame 445 ,at byte 1822720: 189
Written to RAM at frame 446 ,at byte 1826816: 190
Written to RAM at frame 447 ,at byte 1830912: 191
Written to RAM at frame 448 ,at byte 1835008: 192
Written to RAM at frame 449 ,at byte 1839104: 193
Written to RAM at frame 450 ,at byte 1843200: 194
Written to RAM at frame 451 ,at byte 1847296: 195
Written to RAM at frame 452 ,at byte 1851392: 196
Written to RAM at frame 453 ,at byte 1855488: 197
Written to RAM at frame 454 ,at byte 1859584: 198
Written to RAM at frame 455 ,at byte 1863680: 199
Written to RAM at frame 456 ,at byte 1867776: 200
Written to RAM at frame 457 ,at byte 1871872: 201
Written to RAM at frame 458 ,at byte 1875968: 202
Written to RAM at frame 459 ,at byte 1880064: 203
Written to RAM at frame 460 ,at byte 1884160: 204
Written to RAM at frame 461 ,at byte 1888256: 205
Written to RAM at frame 462 ,at byte 1892352: 206
Written to RAM at frame 463 ,at byte 1896448: 207
Written to RAM at frame 464 ,at byte 1900544: 208
Written to RAM at frame 465 ,at byte 1904640: 209
Written to RAM at frame 466 ,at byte 1908736: 210
Written to RAM at frame 467 ,at byte 1912832: 211
Written to RAM at frame 468 ,at byte 1916928: 212
Written to RAM at frame 469 ,at byte 1921024: 213
Written to RAM at frame 470 ,at byte 1925120: 214
Written to RAM at frame 471 ,at byte 1929216: 215
Written to RAM at frame 472 ,at byte 1933312: 216
Written to RAM at frame 473 ,at byte 1937408: 217
Written to RAM at frame 474 ,at byte 1941504: 218
Written to RAM at frame 475 ,at byte 1945600: 219
Written to RAM at frame 476 ,at byte 1949696: 220
Written to RAM at frame 477 ,at byte 1953792: 221
Written to RAM at frame 478 ,at byte 1957888: 222
Written to RAM at frame 479 ,at byte 1961984: 223
Written to RAM at frame 480 ,at byte 1966080: 224
Written to RAM at frame 481 ,at byte 1970176: 225
Written to RAM at frame 482 ,at byte 1974272: 226
Written to RAM at frame 483 ,at byte 1978368: 227
Written to RAM at frame 484 ,at byte 1982464: 228
Written to RAM at frame 485 ,at byte 1986560: 229
Written to RAM at frame 486 ,at byte 1990656: 230
Written to RAM at frame 487 ,at byte 1994752: 231
Written to RAM at frame 488 ,at byte 1998848: 232
Written to RAM at frame 489 ,at byte 2002944: 233
Written to RAM at frame 490 ,at byte 2007040: 234
Written to RAM at frame 491 ,at byte 2011136: 235
Written to RAM at frame 492 ,at byte 2015232: 236
Written to RAM at frame 493 ,at byte 2019328: 237
Written to RAM at frame 494 ,at byte 2023424: 238
Written to RAM at frame 495 ,at byte 2027520: 239
Written to RAM at frame 496 ,at byte 2031616: 240
Written to RAM at frame 497 ,at byte 2035712: 241
Written to RAM at frame 498 ,at byte 2039808: 242
Written to RAM at frame 499 ,at byte 2043904: 243
Written to RAM at frame 500 ,at byte 2048000: 244
Written to RAM at frame 501 ,at byte 2052096: 245
Written to RAM at frame 502 ,at byte 2056192: 246
Written to RAM at frame 503 ,at byte 2060288: 247
Written to RAM at frame 504 ,at byte 2064384: 248
Written to RAM at frame 505 ,at byte 2068480: 249
Written to RAM at frame 506 ,at byte 2072576: 250
Written to RAM at frame 507 ,at byte 2076672: 251
Written to RAM at frame 508 ,at byte 2080768: 252
Written to RAM at frame 509 ,at byte 2084864: 253
Written to RAM at frame 510 ,at byte 2088960: 254
Written to RAM at frame 511 ,at byte 2093056: 255
Read from RAM at frame 0 ,at byte 0: 0
Read from RAM at frame 1 ,at byte 4096: 1
Read from RAM at frame 2 ,at byte 8192: 2
Read from RAM at frame 3 ,at byte 12288: 3
Read from RAM at frame 4 ,at byte 16384: 4
Read from RAM at frame 5 ,at byte 20480: 5
Read from RAM at frame 6 ,at byte 24576: 6
Read from RAM at frame 7 ,at byte 28672: 7
Read from RAM at frame 8 ,at byte 32768: 8
Read from RAM at frame 9 ,at byte 36864: 9
Read from RAM at frame 10 ,at byte 40960: 10
Read from RAM at frame 11 ,at byte 45056: 11
Read from RAM at frame 12 ,at byte 49152: 12
Read from RAM at frame 13 ,at byte 53248: 13
Read from RAM at frame 14 ,at byte 57344: 14
Read from RAM at frame 15 ,at byte 61440: 15
Read from RAM at frame 16 ,at byte 65536: 16
Read from RAM at frame 17 ,at byte 69632: 17
Read from RAM at frame 18 ,at byte 73728: 18
Read from RAM at frame 19 ,at byte 77824: 19
Read from RAM at frame 20 ,at byte 81920: 20
Read from RAM at frame 21 ,at byte 86016: 21
Read from RAM at frame 22 ,at byte 90112: 22
Read from RAM at frame 23 ,at byte 94208: 23
Read from RAM at frame 24 ,at byte 98304: 24
Read from RAM at frame 25 ,at byte 102400: 25
Read from RAM at frame 26 ,at byte 106496: 26
Read from RAM at frame 27 ,at byte 110592: 27
Read from RAM at frame 28 ,at byte 114688: 28
Read from RAM at frame 29 ,at byte 118784: 29
Read from RAM at frame 30 ,at byte 122880: 30
Read from RAM at frame 31 ,at byte 126976: 31
Read from RAM at frame 32 ,at byte 131072: 32
Read from RAM at frame 33 ,at byte 135168: 33
Read from RAM at frame 34 ,at byte 139264: 34
Read from RAM at frame 35 ,at byte 143360: 35
Read from RAM at frame 36 ,at byte 147456: 36
Read from RAM at frame 37 ,at byte 151552: 37
Read from RAM at frame 38 ,at byte 155648: 38
Read from RAM at frame 39 ,at byte 159744: 39
Read from RAM at frame 40 ,at byte 163840: 40
Read from RAM at frame 41 ,at byte 167936: 41
Read from RAM at frame 42 ,at byte 172032: 42
Read from RAM at frame 43 ,at byte 176128: 43
Read from RAM at frame 44 ,at byte 180224: 44
Read from RAM at frame 45 ,at byte 184320: 45
Read from RAM at frame 46 ,at byte 188416: 46
Read from RAM at frame 47 ,at byte 192512: 47
Read from RAM at frame 48 ,at byte 196608: 48
Read from RAM at frame 49 ,at byte 200704: 49
Read from RAM at frame 50 ,at byte 204800: 50
Read from RAM at frame 51 ,at byte 208896: 51
Read from RAM at frame 52 ,at byte 212992: 52
Read from RAM at frame 53 ,at byte 217088: 53
Read from RAM at frame 54 ,at byte 221184: 54
Read from RAM at frame 55 ,at byte 225280: 55
Read from RAM at frame 56 ,at byte 229376: 56
Read from RAM at frame 57 ,at byte 233472: 57
Read from RAM at frame 58 ,at byte 237568: 58
Read from RAM at frame 59 ,at byte 241664: 59
Read from RAM at frame 60 ,at byte 245760: 60
Read from RAM at frame 61 ,at byte 249856: 61
Read from RAM at frame 62 ,at byte 253952: 62
Read from RAM at frame 63 ,at byte 258048: 63
Read from RAM at frame 64 ,at byte 262144: 64
Read from RAM at frame 65 ,at byte 266240: 65
Read from RAM at frame 66 ,at byte 270336: 66
Read from RAM at frame 67 ,at byte 274432: 67
Read from RAM at frame 68 ,at byte 278528: 68
Read from RAM at frame 69 ,at byte 282624: 69
Read from RAM at frame 70 ,at byte 286720: 70
Read from RAM at frame 71 ,at byte 290816: 71
Read from RAM at frame 72 ,at byte 294912: 72
Read from RAM at frame 73 ,at byte 299008: 73
Read from RAM at frame 74 ,at byte 303104: 74
Read from RAM at frame 75 ,at byte 307200: 75
Read from RAM at frame 76 ,at byte 311296: 76
Read from RAM at frame 77 ,at byte 315392: 77
Read from RAM at frame 78 ,at byte 319488: 78
Read from RAM at frame 79 ,at byte 323584: 79
Read from RAM at frame 80 ,at byte 327680: 80
Read from RAM at frame 81 ,at byte 331776: 81
Read from RAM at frame 82 ,at byte 335872: 82
Read from RAM at frame 83 ,at byte 339968: 83
Read from RAM at frame 84 ,at byte 344064: 84
Read from RAM at frame 85 ,at byte 348160: 85
Read from RAM at frame 86 ,at byte 352256: 86
Read from RAM at frame 87 ,at byte 356352: 87
Read from RAM at frame 88 ,at byte 360448: 88
Read from RAM at frame 89 ,at byte 364544: 89
Read from RAM at frame 90 ,at byte 368640: 90
Read from RAM at frame 91 ,at byte 372736: 91
Read from RAM at frame 92 ,at byte 376832: 92
Read from RAM at frame 93 ,at byte 380928: 93
Read from RAM at frame 94 ,at byte 385024: 94
Read from RAM at frame 95 ,at byte 389120: 95
Read from RAM at frame 96 ,at byte 393216: 96
Read from RAM at frame 97 ,at byte 397312: 97
Read from RAM at frame 98 ,at byte 401408: 98
Read from RAM at frame 99 ,at byte 405504: 99
Read from RAM at frame 100 ,at byte 409600: 100
Read from RAM at frame 101 ,at byte 413696: 101
Read from RAM at frame 102 ,at byte 417792: 102
Read from RAM at frame 103 ,at byte 421888: 103
Read from RAM at frame 104 ,at byte 425984: 104
Read from RAM at frame 105 ,at byte 430080: 105
Read from RAM at frame 106 ,at byte 434176: 106
Read from RAM at frame 107 ,at byte 438272: 107
Read from RAM at frame 108 ,at byte 442368: 108
Read from RAM at frame 109 ,at byte 446464: 109
Read from RAM at frame 110 ,at byte 450560: 110
Read from RAM at frame 111 ,at byte 454656: 111
Read from RAM at frame 112 ,at byte 458752: 112
Read from RAM at frame 113 ,at byte 462848: 113
Read from RAM at frame 114 ,at byte 466944: 114
Read from RAM at frame 115 ,at byte 471040: 115
Read from RAM at frame 116 ,at byte 475136: 116
Read from RAM at frame 117 ,at byte 479232: 117
Read from RAM at frame 118 ,at byte 483328: 118
Read from RAM at frame 119 ,at byte 487424: 119
Read from RAM at frame 120 ,at byte 491520: 120
Read from RAM at frame 121 ,at byte 495616: 121
Read from RAM at frame 122 ,at byte 499712: 122
Read from RAM at frame 123 ,at byte 503808: 123
Read from RAM at frame 124 ,at byte 507904: 124
Read from RAM at frame 125 ,at byte 512000: 125
Read from RAM at frame 126 ,at byte 516096: 126
Read from RAM at frame 127 ,at byte 520192: 127
Read from RAM at frame 128 ,at byte 524288: 128
Read from RAM at frame 129 ,at byte 528384: 129
Read from RAM at frame 130 ,at byte 532480: 130
Read from RAM at frame 131 ,at byte 536576: 131
Read from RAM at frame 132 ,at byte 540672: 132
Read from RAM at frame 133 ,at byte 544768: 133
Read from RAM at frame 134 ,at byte 548864: 134
Read from RAM at frame 135 ,at byte 552960: 135
Read from RAM at frame 136 ,at byte 557056: 136
Read from RAM at frame 137 ,at byte 561152: 137
Read from RAM at frame 138 ,at byte 565248: 138
Read from RAM at frame 139 ,at byte 569344: 139
Read from RAM at frame 140 ,at byte 573440: 140
Read from RAM at frame 141 ,at byte 577536: 141
Read from RAM at frame 142 ,at byte 581632: 142
Read from RAM at frame 143 ,at byte 585728: 143
Read from RAM at frame 144 ,at byte 589824: 144
Read from RAM at frame 145 ,at byte 593920: 145
Read from RAM at frame 146 ,at byte 598016: 146
Read from RAM at frame 147 ,at byte 602112: 147
Read from RAM at frame 148 ,at byte 606208: 148
Read from RAM at frame 149 ,at byte 610304: 149
Read from RAM at frame 150 ,at byte 614400: 150
Read from RAM at frame 151 ,at byte 618496: 151
Read from RAM at frame 152 ,at byte 622592: 152
Read from RAM at frame 153 ,at byte 626688: 153
Read from RAM at frame 154 ,at byte 630784: 154
Read from RAM at frame 155 ,at byte 634880: 155
Read from RAM at frame 156 ,at byte 638976: 156
Read from RAM at frame 157 ,at byte 643072: 157
Read from RAM at frame 158 ,at byte 647168: 158
Read from RAM at frame 159 ,at byte 651264: 159
Read from RAM at frame 160 ,at byte 655360: 160
Read from RAM at frame 161 ,at byte 659456: 161
Read from RAM at frame 162 ,at byte 663552: 162
Read from RAM at frame 163 ,at byte 667648: 163
Read from RAM at frame 164 ,at byte 671744: 164
Read from RAM at frame 165 ,at byte 675840: 165
Read from RAM at frame 166 ,at byte 679936: 166
Read from RAM at frame 167 ,at byte 684032: 167
Read from RAM at frame 168 ,at byte 688128: 168
Read from RAM at frame 169 ,at byte 692224: 169
Read from RAM at frame 170 ,at byte 696320: 170
Read from RAM at frame 171 ,at byte 700416: 171
Read from RAM at frame 172 ,at byte 704512: 172
Read from RAM at frame 173 ,at byte 708608: 173
Read from RAM at frame 174 ,at byte 712704: 174
Read from RAM at frame 175 ,at byte 716800: 175
Read from RAM at frame 176 ,at byte 720896: 176
Read from RAM at frame 177 ,at byte 724992: 177
Read from RAM at frame 178 ,at byte 729088: 178
Read from RAM at frame 179 ,at byte 733184: 179
Read from RAM at frame 180 ,at byte 737280: 180
Read from RAM at frame 181 ,at byte 741376: 181
Read from RAM at frame 182 ,at byte 745472: 182
Read from RAM at frame 183 ,at byte 749568: 183
Read from RAM at frame 184 ,at byte 753664: 184
Read from RAM at frame 185 ,at byte 757760: 185
Read from RAM at frame 186 ,at byte 761856: 186
Read from RAM at frame 187 ,at byte 765952: 187
Read from RAM at frame 188 ,at byte 770048: 188
Read from RAM at frame 189 ,at byte 774144: 189
Read from RAM at frame 190 ,at byte 778240: 190
Read from RAM at frame 191 ,at byte 782336: 191
Read from RAM at frame 192 ,at byte 786432: 192
Read from RAM at frame 193 ,at byte 790528: 193
Read from RAM at frame 194 ,at byte 794624: 194
Read from RAM at frame 195 ,at byte 798720: 195
Read from RAM at frame 196 ,at byte 802816: 196
Read from RAM at frame 197 ,at byte 806912: 197
Read from RAM at frame 198 ,at byte 811008: 198
Read from RAM at frame 199 ,at byte 815104: 199
Read from RAM at frame 200 ,at byte 819200: 200
Read from RAM at frame 201 ,at byte 823296: 201
Read from RAM at frame 202 ,at byte 827392: 202
Read from RAM at frame 203 ,at byte 831488: 203
Read from RAM at frame 204 ,at byte 835584: 204
Read from RAM at frame 205 ,at byte 839680: 205
Read from RAM at frame 206 ,at byte 843776: 206
Read from RAM at frame 207 ,at byte 847872: 207
Read from RAM at frame 208 ,at byte 851968: 208
Read from RAM at frame 209 ,at byte 856064: 209
Read from RAM at frame 210 ,at byte 860160: 210
Read from RAM at frame 211 ,at byte 864256: 211
Read from RAM at frame 212 ,at byte 868352: 212
Read from RAM at frame 213 ,at byte 872448: 213
Read from RAM at frame 214 ,at byte 876544: 214
Read from RAM at frame 215 ,at byte 880640: 215
Read from RAM at frame 216 ,at byte 884736: 216
Read from RAM at frame 217 ,at byte 888832: 217
Read from RAM at frame 218 ,at byte 892928: 218
Read from RAM at frame 219 ,at byte 897024: 219
Read from RAM at frame 220 ,at byte 901120: 220
Read from RAM at frame 221 ,at byte 905216: 221
Read from RAM at frame 222 ,at byte 909312: 222
Read from RAM at frame 223 ,at byte 913408: 223
Read from RAM at frame 224 ,at byte 917504: 224
Read from RAM at frame 225 ,at byte 921600: 225
Read from RAM at frame 226 ,at byte 925696: 226
Read from RAM at frame 227 ,at byte 929792: 227
Read from RAM at frame 228 ,at byte 933888: 228
Read from RAM at frame 229 ,at byte 937984: 229
Read from RAM at frame 230 ,at byte 942080: 230
Read from RAM at frame 231 ,at byte 946176: 231
Read from RAM at frame 232 ,at byte 950272: 232
Read from RAM at frame 233 ,at byte 954368: 233
Read from RAM at frame 234 ,at byte 958464: 234
Read from RAM at frame 235 ,at byte 962560: 235
Read from RAM at frame 236 ,at byte 966656: 236
Read from RAM at frame 237 ,at byte 970752: 237
Read from RAM at frame 238 ,at byte 974848: 238
Read from RAM at frame 239 ,at byte 978944: 239
Read from RAM at frame 240 ,at byte 983040: 240
Read from RAM at frame 241 ,at byte 987136: 241
Read from RAM at frame 242 ,at byte 991232: 242
Read from RAM at frame 243 ,at byte 995328: 243
Read from RAM at frame 244 ,at byte 999424: 244
Read from RAM at frame 245 ,at byte 1003520: 245
Read from RAM at frame 246 ,at byte 1007616: 246
Read from RAM at frame 247 ,at byte 1011712: 247
Read from RAM at frame 248 ,at byte 1015808: 248
Read from RAM at frame 249 ,at byte 1019904: 249
Read from RAM at frame 250 ,at byte 1024000: 250
Read from RAM at frame 251 ,at byte 1028096: 251
Read from RAM at frame 252 ,at byte 1032192: 252
Read from RAM at frame 253 ,at byte 1036288: 253
Read from RAM at frame 254 ,at byte 1040384: 254
Read from RAM at frame 255 ,at byte 1044480: 255
Read from RAM at frame 256 ,at byte 1048576: 0
Read from RAM at frame 257 ,at byte 1052672: 1
Read from RAM at frame 258 ,at byte 1056768: 2
Read from RAM at frame 259 ,at byte 1060864: 3
Read from RAM at frame 260 ,at byte 1064960: 4
Read from RAM at frame 261 ,at byte 1069056: 5
Read from RAM at frame 262 ,at byte 1073152: 6
Read from RAM at frame 263 ,at byte 1077248: 7
Read from RAM at frame 264 ,at byte 1081344: 8
Read from RAM at frame 265 ,at byte 1085440: 9
Read from RAM at frame 266 ,at byte 1089536: 10
Read from RAM at frame 267 ,at byte 1093632: 11
Read from RAM at frame 268 ,at byte 1097728: 12
Read from RAM at frame 269 ,at byte 1101824: 13
Read from RAM at frame 270 ,at byte 1105920: 14
Read from RAM at frame 271 ,at byte 1110016: 15
Read from RAM at frame 272 ,at byte 1114112: 16
Read from RAM at frame 273 ,at byte 1118208: 17
Read from RAM at frame 274 ,at byte 1122304: 18
Read from RAM at frame 275 ,at byte 1126400: 19
Read from RAM at frame 276 ,at byte 1130496: 20
Read from RAM at frame 277 ,at byte 1134592: 21
Read from RAM at frame 278 ,at byte 1138688: 22
Read from RAM at frame 279 ,at byte 1142784: 23
Read from RAM at frame 280 ,at byte 1146880: 24
Read from RAM at frame 281 ,at byte 1150976: 25
Read from RAM at frame 282 ,at byte 1155072: 26
Read from RAM at frame 283 ,at byte 1159168: 27
Read from RAM at frame 284 ,at byte 1163264: 28
Read from RAM at frame 285 ,at byte 1167360: 29
Read from RAM at frame 286 ,at byte 1171456: 30
Read from RAM at frame 287 ,at byte 1175552: 31
Read from RAM at frame 288 ,at byte 1179648: 32
Read from RAM at frame 289 ,at byte 1183744: 33
Read from RAM at frame 290 ,at byte 1187840: 34
Read from RAM at frame 291 ,at byte 1191936: 35
Read from RAM at frame 292 ,at byte 1196032: 36
Read from RAM at frame 293 ,at byte 1200128: 37
Read from RAM at frame 294 ,at byte 1204224: 38
Read from RAM at frame 295 ,at byte 1208320: 39
Read from RAM at frame 296 ,at byte 1212416: 40
Read from RAM at frame 297 ,at byte 1216512: 41
Read from RAM at frame 298 ,at byte 1220608: 42
Read from RAM at frame 299 ,at byte 1224704: 43
Read from RAM at frame 300 ,at byte 1228800: 44
Read from RAM at frame 301 ,at byte 1232896: 45
Read from RAM at frame 302 ,at byte 1236992: 46
Read from RAM at frame 303 ,at byte 1241088: 47
Read from RAM at frame 304 ,at byte 1245184: 48
Read from RAM at frame 305 ,at byte 1249280: 49
Read from RAM at frame 306 ,at byte 1253376: 50
Read from RAM at frame 307 ,at byte 1257472: 51
Read from RAM at frame 308 ,at byte 1261568: 52
Read from RAM at frame 309 ,at byte 1265664: 53
Read from RAM at frame 310 ,at byte 1269760: 54
Read from RAM at frame 311 ,at byte 1273856: 55
Read from RAM at frame 312 ,at byte 1277952: 56
Read from RAM at frame 313 ,at byte 1282048: 57
Read from RAM at frame 314 ,at byte 1286144: 58
Read from RAM at frame 315 ,at byte 1290240: 59
Read from RAM at frame 316 ,at byte 1294336: 60
Read from RAM at frame 317 ,at byte 1298432: 61
Read from RAM at frame 318 ,at byte 1302528: 62
Read from RAM at frame 319 ,at byte 1306624: 63
Read from RAM at frame 320 ,at byte 1310720: 64
Read from RAM at frame 321 ,at byte 1314816: 65
Read from RAM at frame 322 ,at byte 1318912: 66
Read from RAM at frame 323 ,at byte 1323008: 67
Read from RAM at frame 324 ,at byte 1327104: 68
Read from RAM at frame 325 ,at byte 1331200: 69
Read from RAM at frame 326 ,at byte 1335296: 70
Read from RAM at frame 327 ,at byte 1339392: 71
Read from RAM at frame 328 ,at byte 1343488: 72
Read from RAM at frame 329 ,at byte 1347584: 73
Read from RAM at frame 330 ,at byte 1351680: 74
Read from RAM at frame 331 ,at byte 1355776: 75
Read from RAM at frame 332 ,at byte 1359872: 76
Read from RAM at frame 333 ,at byte 1363968: 77
Read from RAM at frame 334 ,at byte 1368064: 78
Read from RAM at frame 335 ,at byte 1372160: 79
Read from RAM at frame 336 ,at byte 1376256: 80
Read from RAM at frame 337 ,at byte 1380352: 81
Read from RAM at frame 338 ,at byte 1384448: 82
Read from RAM at frame 339 ,at byte 1388544: 83
Read from RAM at frame 340 ,at byte 1392640: 84
Read from RAM at frame 341 ,at byte 1396736: 85
Read from RAM at frame 342 ,at byte 1400832: 86
Read from RAM at frame 343 ,at byte 1404928: 87
Read from RAM at frame 344 ,at byte 1409024: 88
Read from RAM at frame 345 ,at byte 1413120: 89
Read from RAM at frame 346 ,at byte 1417216: 90
Read from RAM at frame 347 ,at byte 1421312: 91
Read from RAM at frame 348 ,at byte 1425408: 92
Read from RAM at frame 349 ,at byte 1429504: 93
Read from RAM at frame 350 ,at byte 1433600: 94
Read from RAM at frame 351 ,at byte 1437696: 95
Read from RAM at frame 352 ,at byte 1441792: 96
Read from RAM at frame 353 ,at byte 1445888: 97
Read from RAM at frame 354 ,at byte 1449984: 98
Read from RAM at frame 355 ,at byte 1454080: 99
Read from RAM at frame 356 ,at byte 1458176: 100
Read from RAM at frame 357 ,at byte 1462272: 101
Read from RAM at frame 358 ,at byte 1466368: 102
Read from RAM at frame 359 ,at byte 1470464: 103
Read from RAM at frame 360 ,at byte 1474560: 104
Read from RAM at frame 361 ,at byte 1478656: 105
Read from RAM at frame 362 ,at byte 1482752: 106
Read from RAM at frame 363 ,at byte 1486848: 107
Read from RAM at frame 364 ,at byte 1490944: 108
Read from RAM at frame 365 ,at byte 1495040: 109
Read from RAM at frame 366 ,at byte 1499136: 110
Read from RAM at frame 367 ,at byte 1503232: 111
Read from RAM at frame 368 ,at byte 1507328: 112
Read from RAM at frame 369 ,at byte 1511424: 113
Read from RAM at frame 370 ,at byte 1515520: 114
Read from RAM at frame 371 ,at byte 1519616: 115
Read from RAM at frame 372 ,at byte 1523712: 116
Read from RAM at frame 373 ,at byte 1527808: 117
Read from RAM at frame 374 ,at byte 1531904: 118
Read from RAM at frame 375 ,at byte 1536000: 119
Read from RAM at frame 376 ,at byte 1540096: 120
Read from RAM at frame 377 ,at byte 1544192: 121
Read from RAM at frame 378 ,at byte 1548288: 122
Read from RAM at frame 379 ,at byte 1552384: 123
Read from RAM at frame 380 ,at byte 1556480: 124
Read from RAM at frame 381 ,at byte 1560576: 125
Read from RAM at frame 382 ,at byte 1564672: 126
Read from RAM at frame 383 ,at byte 1568768: 127
Read from RAM at frame 384 ,at byte 1572864: 128
Read from RAM at frame 385 ,at byte 1576960: 129
Read from RAM at frame 386 ,at byte 1581056: 130
Read from RAM at frame 387 ,at byte 1585152: 131
Read from RAM at frame 388 ,at byte 1589248: 132
Read from RAM at frame 389 ,at byte 1593344: 133
Read from RAM at frame 390 ,at byte 1597440: 134
Read from RAM at frame 391 ,at byte 1601536: 135
Read from RAM at frame 392 ,at byte 1605632: 136
Read from RAM at frame 393 ,at byte 1609728: 137
Read from RAM at frame 394 ,at byte 1613824: 138
Read from RAM at frame 395 ,at byte 1617920: 139
Read from RAM at frame 396 ,at byte 1622016: 140
Read from RAM at frame 397 ,at byte 1626112: 141
Read from RAM at frame 398 ,at byte 1630208: 142
Read from RAM at frame 399 ,at byte 1634304: 143
Read from RAM at frame 400 ,at byte 1638400: 144
Read from RAM at frame 401 ,at byte 1642496: 145
Read from RAM at frame 402 ,at byte 1646592: 146
Read from RAM at frame 403 ,at byte 1650688: 147
Read from RAM at frame 404 ,at byte 1654784: 148
Read from RAM at frame 405 ,at byte 1658880: 149
Read from RAM at frame 406 ,at byte 1662976: 150
Read from RAM at frame 407 ,at byte 1667072: 151
Read from RAM at frame 408 ,at byte 1671168: 152
Read from RAM at frame 409 ,at byte 1675264: 153
Read from RAM at frame 410 ,at byte 1679360: 154
Read from RAM at frame 411 ,at byte 1683456: 155
Read from RAM at frame 412 ,at byte 1687552: 156
Read from RAM at frame 413 ,at byte 1691648: 157
Read from RAM at frame 414 ,at byte 1695744: 158
Read from RAM at frame 415 ,at byte 1699840: 159
Read from RAM at frame 416 ,at byte 1703936: 160
Read from RAM at frame 417 ,at byte 1708032: 161
Read from RAM at frame 418 ,at byte 1712128: 162
Read from RAM at frame 419 ,at byte 1716224: 163
Read from RAM at frame 420 ,at byte 1720320: 164
Read from RAM at frame 421 ,at byte 1724416: 165
Read from RAM at frame 422 ,at byte 1728512: 166
Read from RAM at frame 423 ,at byte 1732608: 167
Read from RAM at frame 424 ,at byte 1736704: 168
Read from RAM at frame 425 ,at byte 1740800: 169
Read from RAM at frame 426 ,at byte 1744896: 170
Read from RAM at frame 427 ,at byte 1748992: 171
Read from RAM at frame 428 ,at byte 1753088: 172
Read from RAM at frame 429 ,at byte 1757184: 173
Read from RAM at frame 430 ,at byte 1761280: 174
Read from RAM at frame 431 ,at byte 1765376: 175
Read from RAM at frame 432 ,at byte 1769472: 176
Read from RAM at frame 433 ,at byte 1773568: 177
Read from RAM at frame 434 ,at byte 1777664: 178
Read from RAM at frame 435 ,at byte 1781760: 179
Read from RAM at frame 436 ,at byte 1785856: 180
Read from RAM at frame 437 ,at byte 1789952: 181
Read from RAM at frame 438 ,at byte 1794048: 182
Read from RAM at frame 439 ,at byte 1798144: 183
Read from RAM at frame 440 ,at byte 1802240: 184
Read from RAM at frame 441 ,at byte 1806336: 185
Read from RAM at frame 442 ,at byte 1810432: 186
Read from RAM at frame 443 ,at byte 1814528: 187
Read from RAM at frame 444 ,at byte 1818624: 188
Read from RAM at frame 445 ,at byte 1822720: 189
Read from RAM at frame 446 ,at byte 1826816: 190
Read from RAM at frame 447 ,at byte 1830912: 191
Read from RAM at frame 448 ,at byte 1835008: 192
Read from RAM at frame 449 ,at byte 1839104: 193
Read from RAM at frame 450 ,at byte 1843200: 194
Read from RAM at frame 451 ,at byte 1847296: 195
Read from RAM at frame 452 ,at byte 1851392: 196
Read from RAM at frame 453 ,at byte 1855488: 197
Read from RAM at frame 454 ,at byte 1859584: 198
Read from RAM at frame 455 ,at byte 1863680: 199
Read from RAM at frame 456 ,at byte 1867776: 200
Read from RAM at frame 457 ,at byte 1871872: 201
Read from RAM at frame 458 ,at byte 1875968: 202
Read from RAM at frame 459 ,at byte 1880064: 203
Read from RAM at frame 460 ,at byte 1884160: 204
Read from RAM at frame 461 ,at byte 1888256: 205
Read from RAM at frame 462 ,at byte 1892352: 206
Read from RAM at frame 463 ,at byte 1896448: 207
Read from RAM at frame 464 ,at byte 1900544: 208
Read from RAM at frame 465 ,at byte 1904640: 209
Read from RAM at frame 466 ,at byte 1908736: 210
Read from RAM at frame 467 ,at byte 1912832: 211
Read from RAM at frame 468 ,at byte 1916928: 212
Read from RAM at frame 469 ,at byte 1921024: 213
Read from RAM at frame 470 ,at byte 1925120: 214
Read from RAM at frame 471 ,at byte 1929216: 215
Read from RAM at frame 472 ,at byte 1933312: 216
Read from RAM at frame 473 ,at byte 1937408: 217
Read from RAM at frame 474 ,at byte 1941504: 218
Read from RAM at frame 475 ,at byte 1945600: 219
Read from RAM at frame 476 ,at byte 1949696: 220
Read from RAM at frame 477 ,at byte 1953792: 221
Read from RAM at frame 478 ,at byte 1957888: 222
Read from RAM at frame 479 ,at byte 1961984: 223
Read from RAM at frame 480 ,at byte 1966080: 224
Read from RAM at frame 481 ,at byte 1970176: 225
Read from RAM at frame 482 ,at byte 1974272: 226
Read from RAM at frame 483 ,at byte 1978368: 227
Read from RAM at frame 484 ,at byte 1982464: 228
Read from RAM at frame 485 ,at byte 1986560: 229
Read from RAM at frame 486 ,at byte 1990656: 230
Read from RAM at frame 487 ,at byte 1994752: 231
Read from RAM at frame 488 ,at byte 1998848: 232
Read from RAM at frame 489 ,at byte 2002944: 233
Read from RAM at frame 490 ,at byte 2007040: 234
Read from RAM at frame 491 ,at byte 2011136: 235
Read from RAM at frame 492 ,at byte 2015232: 236
Read from RAM at frame 493 ,at byte 2019328: 237
Read from RAM at frame 494 ,at byte 2023424: 238
Read from RAM at frame 495 ,at byte 2027520: 239
Read from RAM at frame 496 ,at byte 2031616: 240
Read from RAM at frame 497 ,at byte 2035712: 241
Read from RAM at frame 498 ,at byte 2039808: 242
Read from RAM at frame 499 ,at byte 2043904: 243
Read from RAM at frame 500 ,at byte 2048000: 244
Read from RAM at frame 501 ,at byte 2052096: 245
Read from RAM at frame 502 ,at byte 2056192: 246
Read from RAM at frame 503 ,at byte 2060288: 247
Read from RAM at frame 504 ,at byte 2064384: 248
Read from RAM at frame 505 ,at byte 2068480: 249
Read from RAM at frame 506 ,at byte 2072576: 250
Read from RAM at frame 507 ,at byte 2076672: 251
Read from RAM at frame 508 ,at byte 2080768: 252
Read from RAM at frame 509 ,at byte 2084864: 253
Read from RAM at frame 510 ,at byte 2088960: 254
Read from RAM at frame 511 ,at byte 2093056: 255
Memory successfully freed.
